<?xml version="1.0" encoding="UTF-8"?>
<!-- Generated by org.testng.reporters.JUnitXMLReporter -->
<testsuite hostname="PC312046" ignored="0" name="test-number-1" tests="1" failures="0" timestamp="27 Nov 2017 08:13:44 GMT" time="0.047" errors="0">
  <testcase name="journalPeriodname" time="0.047" classname="OCTS_Automation_Main_Modules.JournalPeriodName"/>
</testsuite> <!-- test-number-1 -->
