<?xml version="1.0" encoding="UTF-8"?>
<!-- Generated by org.testng.reporters.JUnitXMLReporter -->
<testsuite hostname="PC312046" ignored="0" name="test-number-4" tests="1" failures="0" timestamp="23 Nov 2017 13:26:37 GMT" time="0.004" errors="0">
  <testcase name="journalErrorReportGeneration" time="0.003" classname="OCTS_Automation_Main_Modules.ErrorReportGeneration"/>
</testsuite> <!-- test-number-4 -->
