<?xml version="1.0" encoding="UTF-8"?>
<!-- Generated by org.testng.reporters.JUnitXMLReporter -->
<testsuite hostname="PC312046" ignored="0" name="test-number-0" tests="1" failures="1" timestamp="27 Nov 2017 08:13:44 GMT" time="0.0" errors="0">
  <testcase name="journalEntrySourcename" time="0.0" classname="OCTS_Automation_Main_Modules.JournalEntrySourceName">
    <failure type="java.lang.NullPointerException">
      <![CDATA[java.lang.NullPointerException
	at OCTS_Automation_Main_Modules.JournalEntrySourceName.journalEntrySourcename(JournalEntrySourceName.java:42)
	at OCTS_Automation_Main_Modules.MainTriggerTestNG.iterateThroughTestCases(MainTriggerTestNG.java:154)
... Removed 47 stack frames]]>
    </failure>
  </testcase> <!-- journalEntrySourcename -->
</testsuite> <!-- test-number-0 -->
