<?xml version="1.0" encoding="UTF-8"?>
<!-- Generated by org.testng.reporters.JUnitXMLReporter -->
<testsuite hostname="PC312046" ignored="0" name="test-number-3" tests="1" failures="0" timestamp="27 Nov 2017 08:13:44 GMT" time="0.001" errors="0">
  <testcase name="journalErrorReportGeneration" time="0.001" classname="OCTS_Automation_Main_Modules.ErrorReportGeneration"/>
</testsuite> <!-- test-number-3 -->
